<?xml version="1.0" encoding="UTF-8"?>
<!-- Generated by org.testng.reporters.JUnitReportReporter -->
<testsuite name="TestCases.TestCases" tests="1" time="275.387" ignored="1" failures="0" timestamp="05 Mar 2021 10:51:08 GMT" skipped="0" hostname="IND-CHN-LT10552" errors="0">
  <testcase name="TC_tenantLogin" time="275.387" classname="TestCases.TestCases"/>
  <testcase name="TC_tenantRegistration" classname="TestCases.TestCases">
    <skipped/>
  </testcase> <!-- TC_tenantRegistration -->
</testsuite> <!-- TestCases.TestCases -->
