<?xml version="1.0" encoding="UTF-8"?>
<!-- Generated by org.testng.reporters.JUnitReportReporter -->
<testsuite name="TestCases.TestCases" tests="1" time="250.009" ignored="1" failures="0" timestamp="03 Mar 2021 12:59:11 GMT" skipped="0" hostname="IND-CHN-LT10552" errors="0">
  <testcase name="TC_tenantLogin" time="250.009" classname="TestCases.TestCases"/>
  <testcase name="TC_tenantRegistration" classname="TestCases.TestCases">
    <skipped/>
  </testcase> <!-- TC_tenantRegistration -->
</testsuite> <!-- TestCases.TestCases -->
