<?xml version="1.0" encoding="UTF-8"?>
<!-- Generated by org.testng.reporters.JUnitReportReporter -->
<testsuite name="TestCases.TestCases" tests="1" time="77.500" ignored="1" failures="0" timestamp="03 Mar 2021 09:12:22 GMT" skipped="0" hostname="IND-CHN-LT10552" errors="0">
  <testcase name="TC_tenantRegistration" time="77.500" classname="TestCases.TestCases"/>
  <testcase name="TC_tenantLogin" classname="TestCases.TestCases">
    <skipped/>
  </testcase> <!-- TC_tenantLogin -->
</testsuite> <!-- TestCases.TestCases -->
